<?xml version="1.0" encoding="UTF-8"?>
<!-- Generated by org.testng.reporters.JUnitXMLReporter -->
<testsuite hostname="Exinent-PC" name="multimigrations" tests="2" failures="2" timestamp="6 Aug 2017 13:01:40 GMT" time="0.593" errors="0">
  <testcase name="multiMigrate" time="0.004" classname="multiusermigration.Multiusrmigration">
    <failure type="java.lang.IllegalArgumentException" message="Cannot find elements when the XPath expression is null.">
      <![CDATA[java.lang.IllegalArgumentException: Cannot find elements when the XPath expression is null.
	at org.openqa.selenium.By.xpath(By.java:113)
	at pageobject.muserMigration.<init>(muserMigration.java:42)
	at multiusermigration.Multiusrmigration.multiMigrate(Multiusrmigration.java:29)
... Removed 24 stack frames]]>
    </failure>
  </testcase> <!-- multiMigrate -->
  <testcase name="reports" time="0.002" classname="multiusermigration.Multiusrmigration">
    <failure type="java.lang.IllegalArgumentException" message="Cannot find elements when the XPath expression is null.">
      <![CDATA[java.lang.IllegalArgumentException: Cannot find elements when the XPath expression is null.
	at org.openqa.selenium.By.xpath(By.java:113)
	at pageobject.muserMigration.<init>(muserMigration.java:42)
	at multiusermigration.Multiusrmigration.reports(Multiusrmigration.java:58)
... Removed 24 stack frames]]>
    </failure>
  </testcase> <!-- reports -->
</testsuite> <!-- multimigrations -->
