<?xml version="1.0" encoding="UTF-8"?>
<testng-results skipped="0" failed="0" total="1" passed="1">
  <reporter-output>
  </reporter-output>
  <suite name="Default suite" duration-ms="51744" started-at="2017-08-16T22:53:36Z" finished-at="2017-08-16T22:54:28Z">
    <groups>
    </groups>
    <test name="Default test" duration-ms="51744" started-at="2017-08-16T22:53:36Z" finished-at="2017-08-16T22:54:28Z">
      <class name="CF.cf123.boxopernts">
        <test-method status="PASS" signature="boxadd()[pri:0, instance:null]" name="boxadd" duration-ms="51719" started-at="2017-08-17T04:23:36Z" finished-at="2017-08-17T04:24:28Z">
          <reporter-output>
          </reporter-output>
        </test-method> <!-- boxadd -->
      </class> <!-- CF.cf123.boxopernts -->
    </test> <!-- Default test -->
  </suite> <!-- Default suite -->
</testng-results>
