<?xml version="1.0" encoding="UTF-8"?>
<testng-results skipped="0" failed="0" ignored="0" total="1" passed="1">
  <reporter-output>
  </reporter-output>
  <suite name="Default suite" duration-ms="14873" started-at="2017-04-08T08:57:00Z" finished-at="2017-04-08T08:57:15Z">
    <groups>
    </groups>
    <test name="Default test" duration-ms="14873" started-at="2017-04-08T08:57:00Z" finished-at="2017-04-08T08:57:15Z">
      <class name="Login.Cloudfuze.Login">
        <test-method status="PASS" signature="openbrowser()[pri:0, instance:Login.Cloudfuze.Login@2f217633]" name="openbrowser" is-config="true" duration-ms="5074" started-at="2017-04-08T14:27:00Z" finished-at="2017-04-08T14:27:05Z">
          <reporter-output>
          </reporter-output>
        </test-method> <!-- openbrowser -->
        <test-method status="PASS" signature="LogIn()[pri:0, instance:Login.Cloudfuze.Login@2f217633]" name="LogIn" duration-ms="7645" started-at="2017-04-08T14:27:05Z" finished-at="2017-04-08T14:27:13Z">
          <reporter-output>
          </reporter-output>
        </test-method> <!-- LogIn -->
        <test-method status="PASS" signature="closebrowser()[pri:0, instance:Login.Cloudfuze.Login@2f217633]" name="closebrowser" is-config="true" duration-ms="2093" started-at="2017-04-08T14:27:13Z" finished-at="2017-04-08T14:27:15Z">
          <reporter-output>
          </reporter-output>
        </test-method> <!-- closebrowser -->
      </class> <!-- Login.Cloudfuze.Login -->
    </test> <!-- Default test -->
  </suite> <!-- Default suite -->
</testng-results>
