<?xml version="1.0" encoding="UTF-8"?>
<testng-results skipped="3" failed="0" total="3" passed="0">
  <reporter-output>
  </reporter-output>
  <suite name="Suite" duration-ms="49139" started-at="2017-07-18T22:03:48Z" finished-at="2017-07-18T22:04:37Z">
    <groups>
    </groups>
    <test name="TestNG" duration-ms="49139" started-at="2017-07-18T22:03:48Z" finished-at="2017-07-18T22:04:37Z">
      <class name="magento.MoonAudio.homepage">
        <test-method status="SKIP" signature="basepagehome()[pri:0, instance:magento.MoonAudio.homepage@27c86f2d]" name="basepagehome" duration-ms="1" started-at="2017-07-19T03:34:37Z" finished-at="2017-07-19T03:34:37Z">
          <reporter-output>
          </reporter-output>
        </test-method> <!-- basepagehome -->
      </class> <!-- magento.MoonAudio.homepage -->
      <class name="magento.MoonAudio.homesearch">
        <test-method status="SKIP" signature="homepagesearch()[pri:0, instance:magento.MoonAudio.homesearch@79ca92b9]" name="homepagesearch" duration-ms="0" started-at="2017-07-19T03:34:37Z" finished-at="2017-07-19T03:34:37Z">
          <reporter-output>
          </reporter-output>
        </test-method> <!-- homepagesearch -->
      </class> <!-- magento.MoonAudio.homesearch -->
      <class name="magento.MoonAudio.categorieslink">
        <test-method status="FAIL" signature="initialize()[pri:0, instance:magento.MoonAudio.categorieslink@197d671]" name="initialize" is-config="true" duration-ms="0" started-at="2017-07-19T03:33:48Z" finished-at="2017-07-19T03:33:48Z">
          <exception class="org.openqa.selenium.NoSuchWindowException">
            <message>
              <![CDATA[Window not found. The browser window may have been closed.
Command duration or timeout: 1.56 seconds
Build info: version: '2.53.1', revision: 'a36b8b1cd5757287168e54b817830adce9b0158d', time: '2016-06-30 19:26:09'
System info: host: 'Exinent-PC', ip: '192.168.0.12', os.name: 'Windows 7', os.arch: 'amd64', os.version: '6.1', java.version: '1.8.0_121'
Driver info: org.openqa.selenium.firefox.FirefoxDriver
Capabilities [{applicationCacheEnabled=true, rotatable=false, handlesAlerts=true, databaseEnabled=true, version=47.0.1, platform=WINDOWS, nativeEvents=false, acceptSslCerts=true, webStorageEnabled=true, locationContextEnabled=true, browserName=firefox, takesScreenshot=true, javascriptEnabled=true, cssSelectorsEnabled=true}]
Session ID: 2dadbf60-83f1-4779-b0de-97e8670a5a6f]]>
            </message>
            <full-stacktrace>
              <![CDATA[org.openqa.selenium.NoSuchWindowException: Window not found. The browser window may have been closed.
Command duration or timeout: 1.56 seconds
Build info: version: '2.53.1', revision: 'a36b8b1cd5757287168e54b817830adce9b0158d', time: '2016-06-30 19:26:09'
System info: host: 'Exinent-PC', ip: '192.168.0.12', os.name: 'Windows 7', os.arch: 'amd64', os.version: '6.1', java.version: '1.8.0_121'
Driver info: org.openqa.selenium.firefox.FirefoxDriver
Capabilities [{applicationCacheEnabled=true, rotatable=false, handlesAlerts=true, databaseEnabled=true, version=47.0.1, platform=WINDOWS, nativeEvents=false, acceptSslCerts=true, webStorageEnabled=true, locationContextEnabled=true, browserName=firefox, takesScreenshot=true, javascriptEnabled=true, cssSelectorsEnabled=true}]
Session ID: 2dadbf60-83f1-4779-b0de-97e8670a5a6f
	at sun.reflect.NativeConstructorAccessorImpl.newInstance0(Native Method)
	at sun.reflect.NativeConstructorAccessorImpl.newInstance(NativeConstructorAccessorImpl.java:62)
	at sun.reflect.DelegatingConstructorAccessorImpl.newInstance(DelegatingConstructorAccessorImpl.java:45)
	at java.lang.reflect.Constructor.newInstance(Constructor.java:423)
	at org.openqa.selenium.remote.ErrorHandler.createThrowable(ErrorHandler.java:206)
	at org.openqa.selenium.remote.ErrorHandler.throwIfResponseFailed(ErrorHandler.java:158)
	at org.openqa.selenium.remote.RemoteWebDriver.execute(RemoteWebDriver.java:678)
	at org.openqa.selenium.remote.RemoteWebDriver$RemoteWebDriverOptions$RemoteWindow.maximize(RemoteWebDriver.java:945)
	at resources.baseclass.initializeDriver(baseclass.java:47)
	at magento.MoonAudio.categorieslink.initialize(categorieslink.java:21)
	at sun.reflect.NativeMethodAccessorImpl.invoke0(Native Method)
	at sun.reflect.NativeMethodAccessorImpl.invoke(NativeMethodAccessorImpl.java:62)
	at sun.reflect.DelegatingMethodAccessorImpl.invoke(DelegatingMethodAccessorImpl.java:43)
	at java.lang.reflect.Method.invoke(Method.java:498)
	at org.testng.internal.MethodInvocationHelper.invokeMethod(MethodInvocationHelper.java:80)
	at org.testng.internal.Invoker.invokeConfigurationMethod(Invoker.java:564)
	at org.testng.internal.Invoker.invokeConfigurations(Invoker.java:213)
	at org.testng.internal.Invoker.invokeConfigurations(Invoker.java:138)
	at org.testng.TestRunner.beforeRun(TestRunner.java:641)
	at org.testng.TestRunner.run(TestRunner.java:609)
	at org.testng.SuiteRunner.runTest(SuiteRunner.java:334)
	at org.testng.SuiteRunner.runSequentially(SuiteRunner.java:329)
	at org.testng.SuiteRunner.privateRun(SuiteRunner.java:291)
	at org.testng.SuiteRunner.run(SuiteRunner.java:240)
	at org.testng.SuiteRunnerWorker.runSuite(SuiteRunnerWorker.java:52)
	at org.testng.SuiteRunnerWorker.run(SuiteRunnerWorker.java:86)
	at org.testng.TestNG.runSuitesSequentially(TestNG.java:1198)
	at org.testng.TestNG.runSuitesLocally(TestNG.java:1123)
	at org.testng.TestNG.run(TestNG.java:1031)
	at org.apache.maven.surefire.testng.TestNGExecutor.run(TestNGExecutor.java:283)
	at org.apache.maven.surefire.testng.TestNGXmlTestSuite.execute(TestNGXmlTestSuite.java:75)
	at org.apache.maven.surefire.testng.TestNGProvider.invoke(TestNGProvider.java:120)
	at org.apache.maven.surefire.booter.ForkedBooter.invokeProviderInSameClassLoader(ForkedBooter.java:386)
	at org.apache.maven.surefire.booter.ForkedBooter.runSuitesInProcess(ForkedBooter.java:323)
	at org.apache.maven.surefire.booter.ForkedBooter.main(ForkedBooter.java:143)
Caused by: org.openqa.selenium.NoSuchWindowException: Window not found. The browser window may have been closed.
Build info: version: '2.53.1', revision: 'a36b8b1cd5757287168e54b817830adce9b0158d', time: '2016-06-30 19:26:09'
System info: host: 'Exinent-PC', ip: '192.168.0.12', os.name: 'Windows 7', os.arch: 'amd64', os.version: '6.1', java.version: '1.8.0_121'
Driver info: driver.version: unknown
	at <anonymous class>.nsCommandProcessor.prototype.execute(file:///C:/Users/Exinent/AppData/Local/Temp/anonymous4209496043540635475webdriver-profile/extensions/fxdriver@googlecode.com/components/command-processor.js:12719)
	at <anonymous class>.Dispatcher.executeAs/<(file:///C:/Users/Exinent/AppData/Local/Temp/anonymous4209496043540635475webdriver-profile/extensions/fxdriver@googlecode.com/components/driver-component.js:9558)
	at <anonymous class>.Resource.prototype.handle(file:///C:/Users/Exinent/AppData/Local/Temp/anonymous4209496043540635475webdriver-profile/extensions/fxdriver@googlecode.com/components/driver-component.js:9705)
	at <anonymous class>.Dispatcher.prototype.dispatch(file:///C:/Users/Exinent/AppData/Local/Temp/anonymous4209496043540635475webdriver-profile/extensions/fxdriver@googlecode.com/components/driver-component.js:9652)
	at <anonymous class>.WebDriverServer/<.handle(file:///C:/Users/Exinent/AppData/Local/Temp/anonymous4209496043540635475webdriver-profile/extensions/fxdriver@googlecode.com/components/driver-component.js:12517)
	at <anonymous class>.createHandlerFunc/<(file:///C:/Users/Exinent/AppData/Local/Temp/anonymous4209496043540635475webdriver-profile/extensions/fxdriver@googlecode.com/components/httpd.js:2054)
	at <anonymous class>.ServerHandler.prototype.handleResponse(file:///C:/Users/Exinent/AppData/Local/Temp/anonymous4209496043540635475webdriver-profile/extensions/fxdriver@googlecode.com/components/httpd.js:2387)
	at <anonymous class>.Connection.prototype.process(file:///C:/Users/Exinent/AppData/Local/Temp/anonymous4209496043540635475webdriver-profile/extensions/fxdriver@googlecode.com/components/httpd.js:1223)
	at <anonymous class>.RequestReader.prototype._handleResponse(file:///C:/Users/Exinent/AppData/Local/Temp/anonymous4209496043540635475webdriver-profile/extensions/fxdriver@googlecode.com/components/httpd.js:1677)
	at <anonymous class>.RequestReader.prototype._processBody(file:///C:/Users/Exinent/AppData/Local/Temp/anonymous4209496043540635475webdriver-profile/extensions/fxdriver@googlecode.com/components/httpd.js:1525)
	at <anonymous class>.RequestReader.prototype.onInputStreamReady(file:///C:/Users/Exinent/AppData/Local/Temp/anonymous4209496043540635475webdriver-profile/extensions/fxdriver@googlecode.com/components/httpd.js:1393)
]]>
            </full-stacktrace>
          </exception> <!-- org.openqa.selenium.NoSuchWindowException -->
          <reporter-output>
          </reporter-output>
        </test-method> <!-- initialize -->
        <test-method status="SKIP" signature="initialize()[pri:0, instance:magento.MoonAudio.homepage@27c86f2d]" name="initialize" is-config="true" duration-ms="0" started-at="2017-07-19T03:34:37Z" finished-at="2017-07-19T03:34:37Z">
          <reporter-output>
          </reporter-output>
        </test-method> <!-- initialize -->
        <test-method status="SKIP" signature="initialize()[pri:0, instance:magento.MoonAudio.homesearch@79ca92b9]" name="initialize" is-config="true" duration-ms="0" started-at="2017-07-19T03:34:37Z" finished-at="2017-07-19T03:34:37Z">
          <reporter-output>
          </reporter-output>
        </test-method> <!-- initialize -->
        <test-method status="SKIP" signature="closebrowser()[pri:0, instance:magento.MoonAudio.homepage@27c86f2d]" name="closebrowser" is-config="true" duration-ms="0" started-at="2017-07-19T03:34:37Z" finished-at="2017-07-19T03:34:37Z">
          <reporter-output>
          </reporter-output>
        </test-method> <!-- closebrowser -->
        <test-method status="SKIP" signature="homecat()[pri:0, instance:magento.MoonAudio.categorieslink@197d671]" name="homecat" duration-ms="0" started-at="2017-07-19T03:34:37Z" finished-at="2017-07-19T03:34:37Z">
          <reporter-output>
          </reporter-output>
        </test-method> <!-- homecat -->
        <test-method status="SKIP" signature="closebrowser()[pri:0, instance:magento.MoonAudio.categorieslink@197d671]" name="closebrowser" is-config="true" duration-ms="0" started-at="2017-07-19T03:34:37Z" finished-at="2017-07-19T03:34:37Z">
          <reporter-output>
          </reporter-output>
        </test-method> <!-- closebrowser -->
        <test-method status="SKIP" signature="closebrowser()[pri:0, instance:magento.MoonAudio.homesearch@79ca92b9]" name="closebrowser" is-config="true" duration-ms="0" started-at="2017-07-19T03:34:37Z" finished-at="2017-07-19T03:34:37Z">
          <reporter-output>
          </reporter-output>
        </test-method> <!-- closebrowser -->
      </class> <!-- magento.MoonAudio.categorieslink -->
    </test> <!-- TestNG -->
  </suite> <!-- Suite -->
</testng-results>
