<?xml version="1.0" encoding="UTF-8"?>
<!-- Generated by org.testng.reporters.JUnitXMLReporter -->
<testsuite hostname="Exinent-PC" name="multiCloud" tests="2" failures="2" timestamp="29 Jul 2017 14:02:33 GMT" time="0.045" errors="0">
  <testcase name="bfbaadd" time="0.021" classname="multiusermigration.Multicloudadding">
    <failure type="java.lang.NullPointerException">
      <![CDATA[java.lang.NullPointerException
	at pageobject.multiuser.<init>(multiuser.java:16)
	at multiusermigration.Multicloudadding.bfbaadd(Multicloudadding.java:35)
... Removed 24 stack frames]]>
    </failure>
  </testcase> <!-- bfbaadd -->
  <testcase name="bfbaadd" time="0.033" classname="multiusermigration.Multicloudadding">
    <failure type="java.lang.NullPointerException">
      <![CDATA[java.lang.NullPointerException
	at resources.baseclass.getScreenshot(baseclass.java:79)
	at multiusermigration.listeners.onTestFailure(listeners.java:28)
... Removed 21 stack frames]]>
    </failure>
  </testcase> <!-- bfbaadd -->
</testsuite> <!-- multiCloud -->
