<?xml version="1.0" encoding="UTF-8"?>
<testng-results skipped="0" failed="0" total="1" passed="1">
  <reporter-output>
  </reporter-output>
  <suite name="Default suite" duration-ms="18460" started-at="2017-06-19T15:17:41Z" finished-at="2017-06-19T15:17:59Z">
    <groups>
    </groups>
    <test name="Default test" duration-ms="18460" started-at="2017-06-19T15:17:41Z" finished-at="2017-06-19T15:17:59Z">
      <class name="testNg.newprogram">
        <test-method status="PASS" signature="openbrowser()[pri:0, instance:testNg.newprogram@724af044]" name="openbrowser" is-config="true" duration-ms="15314" started-at="2017-06-19T15:17:41Z" finished-at="2017-06-19T15:17:56Z">
        </test-method> <!-- openbrowser -->
        <test-method status="PASS" signature="VerifyTitle()[pri:0, instance:testNg.newprogram@724af044]" name="VerifyTitle" duration-ms="25" started-at="2017-06-19T15:17:56Z" finished-at="2017-06-19T15:17:56Z">
        </test-method> <!-- VerifyTitle -->
        <test-method status="PASS" signature="closebrowser()[pri:0, instance:testNg.newprogram@724af044]" name="closebrowser" is-config="true" duration-ms="3060" started-at="2017-06-19T15:17:56Z" finished-at="2017-06-19T15:17:59Z">
        </test-method> <!-- closebrowser -->
      </class> <!-- testNg.newprogram -->
    </test> <!-- Default test -->
  </suite> <!-- Default suite -->
</testng-results>
